[35m[Appium][39m Welcome to Appium v1.22.3
[35m[Appium][39m Non-default server args:
[35m[Appium][39m   port: 54962
[35m[Appium][39m   loglevel: info
[35m[Appium][39m   tmpDir: C:\Users\0508\AppData\Local\Temp\\Katalon\Appium\Temp1706168413438
[35m[Appium][39m Appium REST http interface listener started on 0.0.0.0:54962
[35m[HTTP][39m [37m-->[39m [37mGET[39m [37m/wd/hub/status[39m
[35m[HTTP][39m [90m{}[39m
[35m[HTTP][39m [37m<-- GET /wd/hub/status [39m[32m200[39m [90m107 ms - 68[39m
[35m[HTTP][39m [90m[39m
[35m[HTTP][39m [37m-->[39m [37mGET[39m [37m/wd/hub/status[39m
[35m[HTTP][39m [90m{}[39m
[35m[HTTP][39m [37m<-- GET /wd/hub/status [39m[32m200[39m [90m2 ms - 68[39m
[35m[HTTP][39m [90m[39m
[35m[HTTP][39m [37m-->[39m [37mPOST[39m [37m/wd/hub/session[39m
[35m[HTTP][39m [90m{"desiredCapabilities":{"app":"C:\\Users\\0508\\Downloads\\kaf-debug.apk","noReset":true,"newCommandTimeout":1800,"platformVersion":"12","automationName":"uiautomator2","autoGrantPermissions":true,"platformName":"Android","udid":"192.168.194.102:5555","deviceName":"Genymobile Galaxy S10 (Android 12)","fullReset":false,"systemPort":55114},"capabilities":{"firstMatch":[{"appium:app":"C:\\Users\\0508\\Downloads\\kaf-debug.apk","appium:autoGrantPermissions":true,"appium:automationName":"uiautomator2","appium:deviceName":"Genymobile Galaxy S10 (Android 12)","appium:fullReset":false,"appium:newCommandTimeout":1800,"appium:noReset":true,"platformName":"android","appium:platformVersion":"12","appium:systemPort":55114,"appium:udid":"192.168.194.102:5555"}]}}[39m
[35m[Appium][39m Appium v1.22.3 creating new AndroidUiautomator2Driver (v1.70.1) session
[35m[BaseDriver][39m Session created with session id: 2ddbeda6-4bd3-4738-b1b5-83c29213deb4
[35m[BaseDriver][39m Using local app 'C:\Users\0508\Downloads\kaf-debug.apk'
[35m[ADB][39m Found 1 'build-tools' folders under 'C:\Users\0508\.katalon\tools\android_sdk' (newest first):
[35m[ADB][39m     C:/Users/0508/.katalon/tools/android_sdk/build-tools/29.0.3
[35m[ADB][39m Using 'adb.exe' from 'C:\Users\0508\.katalon\tools\android_sdk\platform-tools\adb.exe'
[35m[AndroidDriver][39m Retrieving device list
[35m[AndroidDriver][39m Using device: 192.168.194.102:5555
[35m[ADB][39m Using 'adb.exe' from 'C:\Users\0508\.katalon\tools\android_sdk\platform-tools\adb.exe'
[35m[ADB][39m Getting device platform version
[35m[UiAutomator2][39m Relaxing hidden api policy
[35m[ADB][39m Package name: 'id.indocyber.kaf.mma'
[35m[ADB][39m Main activity name: 'id.indocyber.kaf.mma.MainActivity'
[35m[ADB][39m Using 'apksigner.jar' from 'C:\Users\0508\.katalon\tools\android_sdk\build-tools\29.0.3\lib\apksigner.jar'
[35m[ADB][39m 'C:\Users\0508\AppData\Roaming\npm\node_modules\appium\node_modules\appium-uiautomator2-server\apks\appium-uiautomator2-server-v4.27.0.apk' is signed with the default certificate
[35m[ADB][39m 'C:\Users\0508\AppData\Roaming\npm\node_modules\appium\node_modules\appium-uiautomator2-server\apks\appium-uiautomator2-server-debug-androidTest.apk' is signed with the default certificate
[35m[UiAutomator2][39m Server packages are not going to be (re)installed
[35m[ADB][39m Adding packages ["io.appium.settings","io.appium.uiautomator2.server","io.appium.uiautomator2.server.test"] to Doze whitelist
[35m[ADB][39m 'C:\Users\0508\Downloads\kaf-debug.apk' is signed with a non-default certificate
[35m[ADB][39m The application at 'C:\Users\0508\Downloads\kaf-debug.apk' will not be cached, because the device under test has confirmed the support of streamed installs
[35m[ADB][39m The installation of 'kaf-debug.apk' took 2686ms
[35m[UiAutomator2][39m Starting UIAutomator2 server 4.27.0
[35m[UiAutomator2][39m Using UIAutomator2 server from 'C:\Users\0508\AppData\Roaming\npm\node_modules\appium\node_modules\appium-uiautomator2-server\apks\appium-uiautomator2-server-v4.27.0.apk' and test from 'C:\Users\0508\AppData\Roaming\npm\node_modules\appium\node_modules\appium-uiautomator2-server\apks\appium-uiautomator2-server-debug-androidTest.apk'
[35m[UiAutomator2][39m Waiting up to 30000ms for UiAutomator2 to be online...
[35m[WD Proxy][39m socket hang up
[35m[WD Proxy][39m socket hang up
[35m[WD Proxy][39m socket hang up
[35m[WD Proxy][39m Determined the downstream protocol as 'W3C'
[35m[AndroidDriver][39m Screen already unlocked, doing nothing
[35m[UiAutomator2][39m Starting 'id.indocyber.kaf.mma/id.indocyber.kaf.mma.MainActivity and waiting for 'id.indocyber.kaf.mma/id.indocyber.kaf.mma.MainActivity'
[35m[Appium][39m New AndroidUiautomator2Driver session created successfully, session 2ddbeda6-4bd3-4738-b1b5-83c29213deb4 added to master session list
[35m[HTTP][39m [37m<-- POST /wd/hub/session [39m[32m200[39m [90m44972 ms - 1207[39m
[35m[HTTP][39m [90m[39m
[35m[HTTP][39m [37m-->[39m [37mGET[39m [37m/wd/hub/session/2ddbeda6-4bd3-4738-b1b5-83c29213deb4[39m
[35m[HTTP][39m [90m{}[39m
[35m[HTTP][39m [37m<-- GET /wd/hub/session/2ddbeda6-4bd3-4738-b1b5-83c29213deb4 [39m[32m200[39m [90m17 ms - 1161[39m
[35m[HTTP][39m [90m[39m
[35m[HTTP][39m [37m-->[39m [37mGET[39m [37m/wd/hub/session/2ddbeda6-4bd3-4738-b1b5-83c29213deb4[39m
[35m[HTTP][39m [90m{}[39m
[35m[HTTP][39m [37m<-- GET /wd/hub/session/2ddbeda6-4bd3-4738-b1b5-83c29213deb4 [39m[32m200[39m [90m11 ms - 1161[39m
[35m[HTTP][39m [90m[39m
[35m[HTTP][39m [37m-->[39m [37mGET[39m [37m/wd/hub/status[39m
[35m[HTTP][39m [90m{}[39m
[35m[HTTP][39m [37m<-- GET /wd/hub/status [39m[32m200[39m [90m4 ms - 68[39m
[35m[HTTP][39m [90m[39m
[35m[HTTP][39m [37m-->[39m [37mPOST[39m [37m/wd/hub/session/2ddbeda6-4bd3-4738-b1b5-83c29213deb4/timeouts[39m
[35m[HTTP][39m [90m{"implicit":60000}[39m
[35m[HTTP][39m [37m<-- POST /wd/hub/session/2ddbeda6-4bd3-4738-b1b5-83c29213deb4/timeouts [39m[32m200[39m [90m4 ms - 14[39m
[35m[HTTP][39m [90m[39m
[35m[HTTP][39m [37m-->[39m [37mGET[39m [37m/wd/hub/session/2ddbeda6-4bd3-4738-b1b5-83c29213deb4/source[39m
[35m[HTTP][39m [90m{}[39m
[35m[W3C (2ddbeda6)][39m Driver proxy active, passing request on via HTTP proxy
[35m[WD Proxy][39m Replacing sessionId 662ff37f-2ad6-4def-9bf2-07380927a939 with 2ddbeda6-4bd3-4738-b1b5-83c29213deb4
[35m[HTTP][39m [37m<-- GET /wd/hub/session/2ddbeda6-4bd3-4738-b1b5-83c29213deb4/source [39m[32m200[39m [90m114 ms - 8669[39m
[35m[HTTP][39m [90m[39m
[35m[HTTP][39m [37m-->[39m [37mGET[39m [37m/wd/hub/session/2ddbeda6-4bd3-4738-b1b5-83c29213deb4/screenshot[39m
[35m[HTTP][39m [90m{}[39m
[35m[HTTP][39m [37m<-- GET /wd/hub/session/2ddbeda6-4bd3-4738-b1b5-83c29213deb4/screenshot [39m[32m200[39m [90m26703 ms - 2194994[39m
[35m[HTTP][39m [90m[39m
[35m[HTTP][39m [37m-->[39m [37mPOST[39m [37m/wd/hub/session/2ddbeda6-4bd3-4738-b1b5-83c29213deb4/elements[39m
[35m[HTTP][39m [90m{"using":"xpath","value":"//*[@class = 'android.widget.EditText' and @resource-id = '' and (@text = '' or . = '')]"}[39m
[35m[HTTP][39m [37m<-- POST /wd/hub/session/2ddbeda6-4bd3-4738-b1b5-83c29213deb4/elements [39m[32m200[39m [90m713 ms - 267[39m
[35m[HTTP][39m [90m[39m
[35m[HTTP][39m [37m-->[39m [37mPOST[39m [37m/wd/hub/session/2ddbeda6-4bd3-4738-b1b5-83c29213deb4/elements[39m
[35m[HTTP][39m [90m{"using":"-android uiautomator","value":"new UiSelector().className(\"android.widget.EditText\").resourceId(\"\")"}[39m
[35m[HTTP][39m [37m<-- POST /wd/hub/session/2ddbeda6-4bd3-4738-b1b5-83c29213deb4/elements [39m[32m200[39m [90m934 ms - 139[39m
[35m[HTTP][39m [90m[39m
[35m[HTTP][39m [37m-->[39m [37mGET[39m [37m/wd/hub/session/2ddbeda6-4bd3-4738-b1b5-83c29213deb4/window/rect[39m
[35m[HTTP][39m [90m{}[39m
[35m[HTTP][39m [37m<-- GET /wd/hub/session/2ddbeda6-4bd3-4738-b1b5-83c29213deb4/window/rect [39m[32m200[39m [90m1166 ms - 50[39m
[35m[HTTP][39m [90m[39m
[35m[HTTP][39m [37m-->[39m [37mPOST[39m [37m/wd/hub/session/2ddbeda6-4bd3-4738-b1b5-83c29213deb4/elements[39m
[35m[HTTP][39m [90m{"using":"-android uiautomator","value":"new UiSelector().className(\"android.widget.EditText\").resourceId(\"\")"}[39m
[35m[HTTP][39m [37m<-- POST /wd/hub/session/2ddbeda6-4bd3-4738-b1b5-83c29213deb4/elements [39m[32m200[39m [90m325 ms - 139[39m
[35m[HTTP][39m [90m[39m
[35m[HTTP][39m [37m-->[39m [37mGET[39m [37m/wd/hub/session/2ddbeda6-4bd3-4738-b1b5-83c29213deb4/element/00000000-0000-0008-0000-000b00000003/location[39m
[35m[HTTP][39m [90m{}[39m
[35m[W3C (2ddbeda6)][39m Driver proxy active, passing request on via HTTP proxy
[35m[WD Proxy][39m Replacing sessionId 662ff37f-2ad6-4def-9bf2-07380927a939 with 2ddbeda6-4bd3-4738-b1b5-83c29213deb4
[35m[HTTP][39m [37m<-- GET /wd/hub/session/2ddbeda6-4bd3-4738-b1b5-83c29213deb4/element/00000000-0000-0008-0000-000b00000003/location [39m[32m200[39m [90m198 ms - 77[39m
[35m[HTTP][39m [90m[39m
[35m[HTTP][39m [37m-->[39m [37mPOST[39m [37m/wd/hub/session/2ddbeda6-4bd3-4738-b1b5-83c29213deb4/element/00000000-0000-0008-0000-000b00000003/click[39m
[35m[HTTP][39m [90m{"id":"00000000-0000-0008-0000-000b00000003"}[39m
[35m[HTTP][39m [37m<-- POST /wd/hub/session/2ddbeda6-4bd3-4738-b1b5-83c29213deb4/element/00000000-0000-0008-0000-000b00000003/click [39m[32m200[39m [90m356 ms - 14[39m
[35m[HTTP][39m [90m[39m
[35m[HTTP][39m [37m-->[39m [37mGET[39m [37m/wd/hub/session/2ddbeda6-4bd3-4738-b1b5-83c29213deb4/source[39m
[35m[HTTP][39m [90m{}[39m
[35m[W3C (2ddbeda6)][39m Driver proxy active, passing request on via HTTP proxy
[35m[WD Proxy][39m Replacing sessionId 662ff37f-2ad6-4def-9bf2-07380927a939 with 2ddbeda6-4bd3-4738-b1b5-83c29213deb4
[35m[HTTP][39m [37m<-- GET /wd/hub/session/2ddbeda6-4bd3-4738-b1b5-83c29213deb4/source [39m[32m200[39m [90m101 ms - 7385[39m
[35m[HTTP][39m [90m[39m
[35m[HTTP][39m [37m-->[39m [37mGET[39m [37m/wd/hub/session/2ddbeda6-4bd3-4738-b1b5-83c29213deb4/screenshot[39m
[35m[HTTP][39m [90m{}[39m
[35m[HTTP][39m [37m<-- GET /wd/hub/session/2ddbeda6-4bd3-4738-b1b5-83c29213deb4/screenshot [39m[32m200[39m [90m7450 ms - 1933304[39m
[35m[HTTP][39m [90m[39m
[35m[HTTP][39m [37m-->[39m [37mGET[39m [37m/wd/hub/session/2ddbeda6-4bd3-4738-b1b5-83c29213deb4/context[39m
[35m[HTTP][39m [90m{}[39m
[35m[HTTP][39m [37m<-- GET /wd/hub/session/2ddbeda6-4bd3-4738-b1b5-83c29213deb4/context [39m[32m200[39m [90m4 ms - 22[39m
[35m[HTTP][39m [90m[39m
[35m[HTTP][39m [37m-->[39m [37mGET[39m [37m/wd/hub/session/2ddbeda6-4bd3-4738-b1b5-83c29213deb4/contexts[39m
[35m[HTTP][39m [90m{}[39m
[35m[HTTP][39m [37m<-- GET /wd/hub/session/2ddbeda6-4bd3-4738-b1b5-83c29213deb4/contexts [39m[32m200[39m [90m10199 ms - 24[39m
[35m[HTTP][39m [90m[39m
[35m[HTTP][39m [37m-->[39m [37mPOST[39m [37m/wd/hub/session/2ddbeda6-4bd3-4738-b1b5-83c29213deb4/context[39m
[35m[HTTP][39m [90m{"name":"NATIVE_APP"}[39m
[35m[HTTP][39m [37m<-- POST /wd/hub/session/2ddbeda6-4bd3-4738-b1b5-83c29213deb4/context [39m[32m200[39m [90m3 ms - 14[39m
[35m[HTTP][39m [90m[39m
[35m[HTTP][39m [37m-->[39m [37mPOST[39m [37m/wd/hub/session/2ddbeda6-4bd3-4738-b1b5-83c29213deb4/appium/device/hide_keyboard[39m
[35m[HTTP][39m [90m{}[39m
[35m[HTTP][39m [37m<-- POST /wd/hub/session/2ddbeda6-4bd3-4738-b1b5-83c29213deb4/appium/device/hide_keyboard [39m[32m200[39m [90m10753 ms - 14[39m
[35m[HTTP][39m [90m[39m
[35m[HTTP][39m [37m-->[39m [37mPOST[39m [37m/wd/hub/session/2ddbeda6-4bd3-4738-b1b5-83c29213deb4/context[39m
[35m[HTTP][39m [90m{"name":"NATIVE_APP"}[39m
[35m[HTTP][39m [37m<-- POST /wd/hub/session/2ddbeda6-4bd3-4738-b1b5-83c29213deb4/context [39m[32m200[39m [90m2 ms - 14[39m
[35m[HTTP][39m [90m[39m
[35m[HTTP][39m [37m-->[39m [37mGET[39m [37m/wd/hub/session/2ddbeda6-4bd3-4738-b1b5-83c29213deb4/source[39m
[35m[HTTP][39m [90m{}[39m
[35m[W3C (2ddbeda6)][39m Driver proxy active, passing request on via HTTP proxy
[35m[WD Proxy][39m Replacing sessionId 662ff37f-2ad6-4def-9bf2-07380927a939 with 2ddbeda6-4bd3-4738-b1b5-83c29213deb4
[35m[HTTP][39m [37m<-- GET /wd/hub/session/2ddbeda6-4bd3-4738-b1b5-83c29213deb4/source [39m[32m200[39m [90m87 ms - 9087[39m
[35m[HTTP][39m [90m[39m
[35m[HTTP][39m [37m-->[39m [37mGET[39m [37m/wd/hub/session/2ddbeda6-4bd3-4738-b1b5-83c29213deb4/screenshot[39m
[35m[HTTP][39m [90m{}[39m
[35m[HTTP][39m [37m<-- GET /wd/hub/session/2ddbeda6-4bd3-4738-b1b5-83c29213deb4/screenshot [39m[32m200[39m [90m4397 ms - 1964994[39m
[35m[HTTP][39m [90m[39m
[35m[HTTP][39m [37m-->[39m [37mDELETE[39m [37m/wd/hub/session/2ddbeda6-4bd3-4738-b1b5-83c29213deb4[39m
[35m[HTTP][39m [90m{}[39m
[35m[Appium][39m Removing session 2ddbeda6-4bd3-4738-b1b5-83c29213deb4 from our master session list
[35m[UiAutomator2][39m Restoring hidden api policy to the device default configuration
[35m[HTTP][39m [37m<-- DELETE /wd/hub/session/2ddbeda6-4bd3-4738-b1b5-83c29213deb4 [39m[32m200[39m [90m6201 ms - 14[39m
[35m[HTTP][39m [90m[39m
